[31m[auth][error][0m JWTSessionError: Read more at https://errors.authjs.dev#jwtsessionerror
[31m[auth][cause][0m: Error: no matching decryption secret
    at clockTolerance (C:\projects\dynapos\.next\dev\server\chunks\node_modules_@auth_core_1a23a_s._.js:700:15)
    at async flattenedDecrypt (C:\projects\dynapos\.next\dev\server\chunks\node_modules_jose_dist_node_esm_1s75m-d._.js:2834:15)
    at async compactDecrypt (C:\projects\dynapos\.next\dev\server\chunks\node_modules_jose_dist_node_esm_1s75m-d._.js:2928:23)
    at async jwtDecrypt (C:\projects\dynapos\.next\dev\server\chunks\node_modules_jose_dist_node_esm_1s75m-d._.js:3075:23)
    at async Object.decode (C:\projects\dynapos\.next\dev\server\chunks\node_modules_@auth_core_1a23a_s._.js:690:25)
    at async Module.session (C:\projects\dynapos\.next\dev\server\chunks\node_modules_@auth_core_1a23a_s._.js:4270:29)
    at async AuthInternal (C:\projects\dynapos\.next\dev\server\chunks\node_modules_@auth_core_1a23a_s._.js:4852:24)
    at async Auth (C:\projects\dynapos\.next\dev\server\chunks\node_modules_@auth_core_1a23a_s._.js:5091:34)
    at async AppRouteRouteModule.do (C:\projects\dynapos\node_modules\next\dist\compiled\next-server\app-route-turbo.runtime.dev.js:5:40131)
    at async AppRouteRouteModule.handle (C:\projects\dynapos\node_modules\next\dist\compiled\next-server\app-route-turbo.runtime.dev.js:5:47411)
    at async responseGenerator (C:\projects\dynapos\.next\dev\server\chunks\node_modules_next_1f7vpma._.js:18380:38)
    at async AppRouteRouteModule.handleResponse (C:\projects\dynapos\node_modules\next\dist\compiled\next-server\app-route-turbo.runtime.dev.js:1:228552)
    at async handleResponse (C:\projects\dynapos\.next\dev\server\chunks\node_modules_next_1f7vpma._.js:18443:32)
    at async Module.handler (C:\projects\dynapos\.next\dev\server\chunks\node_modules_next_1f7vpma._.js:18497:13)
    at async DevServer.renderToResponseWithComponentsImpl (C:\projects\dynapos\node_modules\next\dist\server\base-server.js:1462:9)
    at async DevServer.renderPageComponent (C:\projects\dynapos\node_modules\next\dist\server\base-server.js:1514:24)
    at async DevServer.renderToResponseImpl (C:\projects\dynapos\node_modules\next\dist\server\base-server.js:1564:32)
    at async DevServer.pipeImpl (C:\projects\dynapos\node_modules\next\dist\server\base-server.js:1044:25)
    at async NextNodeServer.handleCatchallRenderRequest (C:\projects\dynapos\node_modules\next\dist\server\next-server.js:338:17)
    at async DevServer.handleRequestImpl (C:\projects\dynapos\node_modules\next\dist\server\base-server.js:935:17)
    at async C:\projects\dynapos\node_modules\next\dist\server\dev\next-dev-server.js:394:20
    at async Span.traceAsyncFn (C:\projects\dynapos\node_modules\next\dist\trace\trace.js:164:20)
    at async DevServer.handleRequest (C:\projects\dynapos\node_modules\next\dist\server\dev\next-dev-server.js:390:24)
    at async invokeRender (C:\projects\dynapos\node_modules\next\dist\server\lib\router-server.js:266:21)
    at async handleRequest (C:\projects\dynapos\node_modules\next\dist\server\lib\router-server.js:465:24)
    at async requestHandlerImpl (C:\projects\dynapos\node_modules\next\dist\server\lib\router-server.js:514:13)
    at async Server.requestListener (C:\projects\dynapos\node_modules\next\dist\server\lib\start-server.js:225:13)
[31m[auth][details][0m: {}
Device check error: Error [PrismaClientInitializationError]: 
Invalid `__TURBOPACK__imported__module__$5b$project$5d2f$src$2f$lib$2f$db$2e$ts__$5b$app$2d$route$5d$__$28$ecmascript$29$__["db"].user.findFirst()` invocation in
C:\projects\dynapos\.next\dev\server\chunks\[root-of-the-server]__0oih48f._.js:78:154

  75         status: 400
  76     });
  77 }
→ 78 const user = await __TURBOPACK__imported__module__$5b$project$5d2f$src$2f$lib$2f$db$2e$ts__$5b$app$2d$route$5d$__$28$ecmascript$29$__["db"].user.findFirst(
Authentication failed against database server, the provided database credentials for `postgres` are not valid.

Please make sure to provide valid database credentials for the database server at the configured address.
    at <unknown> (src\app\api\v1\auth\device-check\route.ts:12:32)
    at async POST (src\app\api\v1\auth\device-check\route.ts:12:18)
  10 |     }
  11 |
> 12 |     const user = await db.user.findFirst({
     |                                ^
  13 |       where: {
  14 |         email: email.toLowerCase().trim(),
  15 |         deletedAt: null, {
  clientVersion: '6.19.3',
  errorCode: undefined,
  retryable: undefined
}
[31m[auth][error][0m CallbackRouteError: Read more at https://errors.authjs.dev#callbackrouteerror
[31m[auth][cause][0m: PrismaClientInitializationError: 
Invalid `__TURBOPACK__imported__module__$5b$project$5d2f$src$2f$lib$2f$db$2e$ts__$5b$app$2d$route$5d$__$28$ecmascript$29$__["db"].user.findUnique()` invocation in
C:\projects\dynapos\.next\dev\server\chunks\[root-of-the-server]__19p1dt8._.js:223:162

  220 }
  221 const { email, password } = parsedCredentials.data;
  222 // Query active user
→ 223 const user = await __TURBOPACK__imported__module__$5b$project$5d2f$src$2f$lib$2f$db$2e$ts__$5b$app$2d$route$5d$__$28$ecmascript$29$__["db"].user.findUnique(
Authentication failed against database server, the provided database credentials for `postgres` are not valid.

Please make sure to provide valid database credentials for the database server at the configured address.
    at ei.handleRequestError (C:\projects\dynapos\node_modules\@prisma\client\runtime\library.js:121:7568)
    at ei.handleAndLogRequestError (C:\projects\dynapos\node_modules\@prisma\client\runtime\library.js:121:6593)
    at ei.request (C:\projects\dynapos\node_modules\@prisma\client\runtime\library.js:121:6300)
    at async a (C:\projects\dynapos\node_modules\@prisma\client\runtime\library.js:130:9551)
    at async Object.authorize (C:\projects\dynapos\.next\dev\server\chunks\[root-of-the-server]__19p1dt8._.js:223:30)
    at async Module.callback (C:\projects\dynapos\.next\dev\server\chunks\node_modules_@auth_core_1a23a_s._.js:4036:39)
    at async AuthInternal (C:\projects\dynapos\.next\dev\server\chunks\node_modules_@auth_core_1a23a_s._.js:4869:24)
    at async Auth (C:\projects\dynapos\.next\dev\server\chunks\node_modules_@auth_core_1a23a_s._.js:5091:34)
    at async AppRouteRouteModule.do (C:\projects\dynapos\node_modules\next\dist\compiled\next-server\app-route-turbo.runtime.dev.js:5:40131)
    at async AppRouteRouteModule.handle (C:\projects\dynapos\node_modules\next\dist\compiled\next-server\app-route-turbo.runtime.dev.js:5:47411)
    at async responseGenerator (C:\projects\dynapos\.next\dev\server\chunks\node_modules_next_1f7vpma._.js:18380:38)
    at async AppRouteRouteModule.handleResponse (C:\projects\dynapos\node_modules\next\dist\compiled\next-server\app-route-turbo.runtime.dev.js:1:228552)
    at async handleResponse (C:\projects\dynapos\.next\dev\server\chunks\node_modules_next_1f7vpma._.js:18443:32)
    at async Module.handler (C:\projects\dynapos\.next\dev\server\chunks\node_modules_next_1f7vpma._.js:18497:13)
    at async DevServer.renderToResponseWithComponentsImpl (C:\projects\dynapos\node_modules\next\dist\server\base-server.js:1462:9)
    at async DevServer.renderPageComponent (C:\projects\dynapos\node_modules\next\dist\server\base-server.js:1514:24)
    at async DevServer.renderToResponseImpl (C:\projects\dynapos\node_modules\next\dist\server\base-server.js:1564:32)
    at async DevServer.pipeImpl (C:\projects\dynapos\node_modules\next\dist\server\base-server.js:1044:25)
    at async NextNodeServer.handleCatchallRenderRequest (C:\projects\dynapos\node_modules\next\dist\server\next-server.js:338:17)
    at async DevServer.handleRequestImpl (C:\projects\dynapos\node_modules\next\dist\server\base-server.js:935:17)
    at async C:\projects\dynapos\node_modules\next\dist\server\dev\next-dev-server.js:394:20
    at async Span.traceAsyncFn (C:\projects\dynapos\node_modules\next\dist\trace\trace.js:164:20)
    at async DevServer.handleRequest (C:\projects\dynapos\node_modules\next\dist\server\dev\next-dev-server.js:390:24)
    at async invokeRender (C:\projects\dynapos\node_modules\next\dist\server\lib\router-server.js:266:21)
    at async handleRequest (C:\projects\dynapos\node_modules\next\dist\server\lib\router-server.js:465:24)
    at async requestHandlerImpl (C:\projects\dynapos\node_modules\next\dist\server\lib\router-server.js:514:13)
    at async Server.requestListener (C:\projects\dynapos\node_modules\next\dist\server\lib\start-server.js:225:13)
[31m[auth][details][0m: {
  "provider": "credentials"
}
