
> dynapos@0.1.0 dev
> next dev --hostname 0.0.0.0

▲ Next.js 16.2.9 (Turbopack)
- Local:         http://localhost:3000
- Network:       http://0.0.0.0:3000
- Environments: .env
✓ Ready in 733ms
Creating turbopack project { dir: 'C:\\projects\\dynapos', testMode: true }

 GET /auth/login 200 in 528ms (next.js: 237ms, application-code: 291ms)
 GET /api/auth/session 200 in 1233ms (next.js: 1183ms, application-code: 51ms)
 GET /api/auth/session 200 in 24ms (next.js: 13ms, application-code: 11ms)
 GET /api/auth/session 200 in 20ms (next.js: 10ms, application-code: 11ms)
 GET / 307 in 317ms (next.js: 146ms, application-code: 171ms)
 GET /auth/login 200 in 63ms (next.js: 6ms, application-code: 57ms)
 GET /api/auth/session 200 in 28ms (next.js: 16ms, application-code: 12ms)
 GET /api/auth/session 200 in 14ms (next.js: 6ms, application-code: 8ms)
 GET /api/auth/session 200 in 11ms (next.js: 4ms, application-code: 8ms)
 GET /api/auth/error 200 in 48ms (next.js: 23ms, application-code: 26ms)
 GET /api/auth 404 in 924ms (next.js: 842ms, application-code: 82ms)
 GET /api/auth/session 200 in 80ms (next.js: 32ms, application-code: 49ms)
 GET /api/auth/session 200 in 39ms (next.js: 15ms, application-code: 23ms)
 GET / 307 in 286ms (next.js: 17ms, application-code: 269ms)
 GET /auth/login 200 in 101ms (next.js: 10ms, application-code: 91ms)
 GET /api/auth/session 200 in 45ms (next.js: 27ms, application-code: 17ms)
 GET /api/auth/session 200 in 21ms (next.js: 7ms, application-code: 14ms)
 POST /api/v1/auth/device-check 500 in 670ms (next.js: 119ms, application-code: 551ms)
 GET /api/auth/providers 200 in 33ms (next.js: 20ms, application-code: 13ms)
 GET /api/auth/csrf 200 in 15ms (next.js: 5ms, application-code: 10ms)
 POST /api/auth/callback/credentials? 200 in 119ms (next.js: 5ms, application-code: 114ms)
 GET /api/auth/session 200 in 15ms (next.js: 5ms, application-code: 10ms)
 GET /auth/register 200 in 1044ms (next.js: 991ms, application-code: 53ms)
 GET / 307 in 285ms (next.js: 70ms, application-code: 214ms)
 GET /auth/login 200 in 80ms (next.js: 14ms, application-code: 67ms)
 GET /api/auth/session 200 in 56ms (next.js: 28ms, application-code: 28ms)
 GET /api/auth/session 200 in 17ms (next.js: 7ms, application-code: 10ms)
  Reload env: .env
